<?xml version="1.0" encoding="UTF-8"?>
<!-- Generated by org.testng.reporters.JUnitReportReporter -->
<testsuite skipped="0" hostname="DESKTOP-PH5L4SJ" name="org.TestNG.features.Parameterized_Concepts2" tests="1" failures="0" timestamp="2022-04-01T19:37:33 IST" time="0.013" errors="0">
  <testcase name="credentaials" time="0.013" classname="org.TestNG.features.Parameterized_Concepts2"/>
  <system-out/>
</testsuite> <!-- org.TestNG.features.Parameterized_Concepts2 -->
