<?xml version="1.0" encoding="UTF-8"?>
<!-- Generated by org.testng.reporters.JUnitReportReporter -->
<testsuite skipped="0" hostname="DESKTOP-PH5L4SJ" name="org.TestNG.features.Priority_Concepts" tests="3" failures="0" timestamp="2022-03-29T21:46:25 IST" time="0.017" errors="0">
  <testcase name="Username" time="0.013" classname="org.TestNG.features.Priority_Concepts"/>
  <system-out/>
  <testcase name="password" time="0.002" classname="org.TestNG.features.Priority_Concepts"/>
  <system-out/>
  <testcase name="login" time="0.002" classname="org.TestNG.features.Priority_Concepts"/>
  <system-out/>
</testsuite> <!-- org.TestNG.features.Priority_Concepts -->
