<?xml version="1.0" encoding="UTF-8"?>
<!-- Generated by org.testng.reporters.JUnitReportReporter -->
<testsuite skipped="0" hostname="DESKTOP-PH5L4SJ" name="org.TestNG.features.Annotations_Demo" tests="2" failures="0" timestamp="2022-03-29T00:32:35 IST" time="0.005" errors="0">
  <testcase name="login" time="0.005" classname="org.TestNG.features.Annotations_Demo"/>
  <system-out/>
  <testcase name="logout" time="0.000" classname="org.TestNG.features.Annotations_Demo"/>
  <system-out/>
</testsuite> <!-- org.TestNG.features.Annotations_Demo -->
