<?xml version="1.0" encoding="UTF-8"?>
<!-- Generated by org.testng.reporters.JUnitReportReporter -->
<testsuite skipped="0" hostname="DESKTOP-PH5L4SJ" name="org.TestNG.features.Soft_Assertion" tests="1" failures="0" timestamp="2022-03-31T22:11:22 IST" time="0.120" errors="0">
  <testcase name="username" time="0.120" classname="org.TestNG.features.Soft_Assertion"/>
  <system-out/>
</testsuite> <!-- org.TestNG.features.Soft_Assertion -->
