<?xml version="1.0" encoding="UTF-8"?>
<!-- Generated by org.testng.reporters.JUnitReportReporter -->
<testsuite skipped="0" hostname="DESKTOP-PH5L4SJ" name="org.TestNG.features.Excepted_exception" tests="1" failures="0" timestamp="2022-03-30T19:51:43 IST" time="0.014" errors="0">
  <testcase name="calci" time="0.014" classname="org.TestNG.features.Excepted_exception"/>
  <system-out/>
</testsuite> <!-- org.TestNG.features.Excepted_exception -->
