<?xml version="1.0" encoding="UTF-8"?>
<!-- Generated by org.testng.reporters.JUnitReportReporter -->
<testsuite skipped="1" hostname="DESKTOP-PH5L4SJ" name="org.TestNG.features.Ignore_Features" tests="2" failures="0" timestamp="2022-03-29T22:28:46 IST" time="0.016" errors="0">
  <testcase name="books" time="0.016" classname="org.TestNG.features.Ignore_Features"/>
  <system-out/>
  <testcase name="twitr" classname="org.TestNG.features.Ignore_Features">
    <skipped/>
  </testcase> <!-- twitr -->
  <system-out/>
</testsuite> <!-- org.TestNG.features.Ignore_Features -->
