<?xml version="1.0" encoding="UTF-8"?>
<!-- Generated by org.testng.reporters.JUnitReportReporter -->
<testsuite skipped="0" hostname="DESKTOP-PH5L4SJ" name="org.TestNG.features.Group_Concept" tests="4" failures="0" timestamp="2022-03-29T23:41:00 IST" time="0.025" errors="0">
  <testcase name="insta" time="0.018" classname="org.TestNG.features.Group_Concept"/>
  <system-out/>
  <testcase name="whatsapp" time="0.002" classname="org.TestNG.features.Group_Concept"/>
  <system-out/>
  <testcase name="csk" time="0.002" classname="org.TestNG.features.Group_Concept"/>
  <system-out/>
  <testcase name="rcb" time="0.003" classname="org.TestNG.features.Group_Concept"/>
  <system-out/>
</testsuite> <!-- org.TestNG.features.Group_Concept -->
