<?xml version="1.0" encoding="UTF-8"?>
<!-- Generated by org.testng.reporters.JUnitReportReporter -->
<testsuite skipped="0" hostname="DESKTOP-PH5L4SJ" name="org.TestNG.features.Parallel_Test" tests="2" failures="0" timestamp="2022-03-31T22:19:49 IST" time="0.040" errors="0">
  <testcase name="edu_website" time="0.020" classname="org.TestNG.features.Parallel_Test"/>
  <system-out/>
  <testcase name="gov_website" time="0.020" classname="org.TestNG.features.Parallel_Test"/>
  <system-out/>
</testsuite> <!-- org.TestNG.features.Parallel_Test -->
