<?xml version="1.0" encoding="UTF-8"?>
<!-- Generated by org.testng.reporters.JUnitReportReporter -->
<testsuite skipped="0" hostname="DESKTOP-PH5L4SJ" name="org.TestNG.features.Invocation_Count" tests="11" failures="0" timestamp="2022-03-30T19:32:09 IST" time="0.064" errors="0">
  <testcase name="openbrowser" time="0.002" classname="org.TestNG.features.Invocation_Count"/>
  <system-out/>
  <testcase name="openbrowser" time="0.005" classname="org.TestNG.features.Invocation_Count"/>
  <system-out/>
  <testcase name="openbrowser" time="0.015" classname="org.TestNG.features.Invocation_Count"/>
  <system-out/>
  <testcase name="openbrowser" time="0.005" classname="org.TestNG.features.Invocation_Count"/>
  <system-out/>
  <testcase name="openbrowser" time="0.002" classname="org.TestNG.features.Invocation_Count"/>
  <system-out/>
  <testcase name="refresh" time="0.013" classname="org.TestNG.features.Invocation_Count"/>
  <system-out/>
  <testcase name="refresh" time="0.003" classname="org.TestNG.features.Invocation_Count"/>
  <system-out/>
  <testcase name="refresh" time="0.004" classname="org.TestNG.features.Invocation_Count"/>
  <system-out/>
  <testcase name="launchurl" time="0.008" classname="org.TestNG.features.Invocation_Count"/>
  <system-out/>
  <testcase name="refresh" time="0.001" classname="org.TestNG.features.Invocation_Count"/>
  <system-out/>
  <testcase name="refresh" time="0.006" classname="org.TestNG.features.Invocation_Count"/>
  <system-out/>
</testsuite> <!-- org.TestNG.features.Invocation_Count -->
