<?xml version="1.0" encoding="UTF-8"?>
<!-- Generated by org.testng.reporters.JUnitReportReporter -->
<testsuite skipped="0" hostname="DESKTOP-PH5L4SJ" name="org.TestNG.features.Data_Provider_Concept" tests="2" failures="0" timestamp="2022-04-01T20:16:05 IST" time="0.000" errors="0">
  <testcase name="adactin" time="0.000" classname="org.TestNG.features.Data_Provider_Concept"/>
  <system-out/>
  <testcase name="automation" time="0.000" classname="org.TestNG.features.Data_Provider_Concept"/>
  <system-out/>
</testsuite> <!-- org.TestNG.features.Data_Provider_Concept -->
