<?xml version="1.0" encoding="UTF-8"?>
<!-- Generated by org.testng.reporters.JUnitReportReporter -->
<testsuite skipped="0" hostname="DESKTOP-PH5L4SJ" name="org.TestNG.features.Depadency_Test" tests="5" failures="0" timestamp="2022-03-30T23:05:53 IST" time="0.028" errors="0">
  <testcase name="e" time="0.003" classname="org.TestNG.features.Depadency_Test"/>
  <system-out/>
  <testcase name="d" time="0.002" classname="org.TestNG.features.Depadency_Test"/>
  <system-out/>
  <testcase name="c" time="0.004" classname="org.TestNG.features.Depadency_Test"/>
  <system-out/>
  <testcase name="a" time="0.018" classname="org.TestNG.features.Depadency_Test"/>
  <system-out/>
  <testcase name="b" time="0.001" classname="org.TestNG.features.Depadency_Test"/>
  <system-out/>
</testsuite> <!-- org.TestNG.features.Depadency_Test -->
